<?xml version="1.0" encoding="UTF-8" ?>
<testsuite errors="0" skipped="0" tests="2" time="0.609" failures="0" name="org.ow2.petals.monitoring.datacollector.test.RawReportTest">
  <properties>
    <property value="Java(TM) 2 Runtime Environment, Standard Edition" name="java.runtime.name"/>
    <property value="C:\Program Files\Java\jdk1.5.0_17\jre\bin" name="sun.boot.library.path"/>
    <property value="1.5.0_17-b04" name="java.vm.version"/>
    <property value="Sun Microsystems Inc." name="java.vm.vendor"/>
    <property value="http://java.sun.com/" name="java.vendor.url"/>
    <property value=";" name="path.separator"/>
    <property value="Java HotSpot(TM) Client VM" name="java.vm.name"/>
    <property value="sun.io" name="file.encoding.pkg"/>
    <property value="FR" name="user.country"/>
    <property value="SUN_STANDARD" name="sun.java.launcher"/>
    <property value="Service Pack 3" name="sun.os.patch.level"/>
    <property value="Java Virtual Machine Specification" name="java.vm.specification.name"/>
    <property value="D:\Projects\Semeuse\esb-monitoring\raw-report" name="user.dir"/>
    <property value="1.5.0_17-b04" name="java.runtime.version"/>
    <property value="sun.awt.Win32GraphicsEnvironment" name="java.awt.graphicsenv"/>
    <property value="D:\Projects\Semeuse\esb-monitoring\raw-report" name="basedir"/>
    <property value="C:\Program Files\Java\jdk1.5.0_17\jre\lib\endorsed" name="java.endorsed.dirs"/>
    <property value="x86" name="os.arch"/>
    <property value="C:\DOCUME~1\nsalatge\LOCALS~1\Temp\surefirebooter3726759322267029615.jar" name="surefire.real.class.path"/>
    <property value="C:\DOCUME~1\nsalatge\LOCALS~1\Temp\" name="java.io.tmpdir"/>
    <property value="
" name="line.separator"/>
    <property value="Sun Microsystems Inc." name="java.vm.specification.vendor"/>
    <property value="" name="user.variant"/>
    <property value="Windows XP" name="os.name"/>
    <property value="Cp1252" name="sun.jnu.encoding"/>
    <property value="C:\Program Files\Java\jdk1.5.0_17\jre\bin;.;C:\WINDOWS\system32;C:\WINDOWS;C:\WINDOWS\system32;C:\WINDOWS;C:\WINDOWS\System32\Wbem;C:\Program Files\Java\jdk1.5.0_17\bin;D:\apache-maven-2.2.1-bin\apache-maven-2.2.1\bin;C:\WINDOWS\system32\WindowsPowerShell\v1.0;D:\apache-ant-1.7.1-bin\apache-ant-1.7.1\bin;C:\Program Files\TortoiseSVN\bin;C:\Program Files\SlikSvn\bin\;D:\gsoap_2.7.13\gsoap-2.7\gsoap\bin\win32;C:\Borland\BCC55\Bin;C:\Program Files\Fichiers communs\DivX Shared\" name="java.library.path"/>
    <property value="D:\Projects\Semeuse\esb-monitoring\raw-report\target\test-classes;D:\Projects\Semeuse\esb-monitoring\raw-report\target\classes;C:\Documents and Settings\nsalatge\.m2\repository\org\ow2\easywsdl\easywsdl-schema\2.0-SNAPSHOT\easywsdl-schema-2.0-SNAPSHOT.jar;C:\Documents and Settings\nsalatge\.m2\repository\org\jvnet\jaxb2_commons\runtime\0.4.1.5\runtime-0.4.1.5.jar;C:\Documents and Settings\nsalatge\.m2\repository\com\sun\xml\bind\jaxb-impl\2.1.10\jaxb-impl-2.1.10.jar;C:\Documents and Settings\nsalatge\.m2\repository\javax\xml\bind\jaxb-api\2.1\jaxb-api-2.1.jar;C:\Documents and Settings\nsalatge\.m2\repository\commons-lang\commons-lang\2.1\commons-lang-2.1.jar;C:\Documents and Settings\nsalatge\.m2\repository\org\apache\geronimo\specs\geronimo-stax-api_1.0_spec\1.0.1\geronimo-stax-api_1.0_spec-1.0.1.jar;C:\Documents and Settings\nsalatge\.m2\repository\org\apache\geronimo\specs\geronimo-activation_1.1_spec\1.0.2\geronimo-activation_1.1_spec-1.0.2.jar;C:\Documents and Settings\nsalatge\.m2\repository\junit\junit\3.8.1\junit-3.8.1.jar;" name="surefire.test.class.path"/>
    <property value="Java Platform API Specification" name="java.specification.name"/>
    <property value="49.0" name="java.class.version"/>
    <property value="HotSpot Client Compiler" name="sun.management.compiler"/>
    <property value="5.1" name="os.version"/>
    <property value="C:\Documents and Settings\nsalatge" name="user.home"/>
    <property value="" name="user.timezone"/>
    <property value="sun.awt.windows.WPrinterJob" name="java.awt.printerjob"/>
    <property value="1.5" name="java.specification.version"/>
    <property value="Cp1252" name="file.encoding"/>
    <property value="com.sun.org.apache.xalan.internal.xsltc.trax.TransformerFactoryImpl" name="javax.xml.transform.TransformerFactory"/>
    <property value="nsalatge" name="user.name"/>
    <property value="D:\Projects\Semeuse\esb-monitoring\raw-report\target\test-classes;D:\Projects\Semeuse\esb-monitoring\raw-report\target\classes;C:\Documents and Settings\nsalatge\.m2\repository\org\ow2\easywsdl\easywsdl-schema\2.0-SNAPSHOT\easywsdl-schema-2.0-SNAPSHOT.jar;C:\Documents and Settings\nsalatge\.m2\repository\org\jvnet\jaxb2_commons\runtime\0.4.1.5\runtime-0.4.1.5.jar;C:\Documents and Settings\nsalatge\.m2\repository\com\sun\xml\bind\jaxb-impl\2.1.10\jaxb-impl-2.1.10.jar;C:\Documents and Settings\nsalatge\.m2\repository\javax\xml\bind\jaxb-api\2.1\jaxb-api-2.1.jar;C:\Documents and Settings\nsalatge\.m2\repository\commons-lang\commons-lang\2.1\commons-lang-2.1.jar;C:\Documents and Settings\nsalatge\.m2\repository\org\apache\geronimo\specs\geronimo-stax-api_1.0_spec\1.0.1\geronimo-stax-api_1.0_spec-1.0.1.jar;C:\Documents and Settings\nsalatge\.m2\repository\org\apache\geronimo\specs\geronimo-activation_1.1_spec\1.0.2\geronimo-activation_1.1_spec-1.0.2.jar;C:\Documents and Settings\nsalatge\.m2\repository\junit\junit\3.8.1\junit-3.8.1.jar;" name="java.class.path"/>
    <property value="1.0" name="java.vm.specification.version"/>
    <property value="32" name="sun.arch.data.model"/>
    <property value="C:\Program Files\Java\jdk1.5.0_17\jre" name="java.home"/>
    <property value="Sun Microsystems Inc." name="java.specification.vendor"/>
    <property value="fr" name="user.language"/>
    <property value="sun.awt.windows.WToolkit" name="awt.toolkit"/>
    <property value="mixed mode" name="java.vm.info"/>
    <property value="1.5.0_17" name="java.version"/>
    <property value="C:\Program Files\Java\jdk1.5.0_17\jre\lib\ext" name="java.ext.dirs"/>
    <property value="C:\Program Files\Java\jdk1.5.0_17\jre\lib\rt.jar;C:\Program Files\Java\jdk1.5.0_17\jre\lib\i18n.jar;C:\Program Files\Java\jdk1.5.0_17\jre\lib\sunrsasign.jar;C:\Program Files\Java\jdk1.5.0_17\jre\lib\jsse.jar;C:\Program Files\Java\jdk1.5.0_17\jre\lib\jce.jar;C:\Program Files\Java\jdk1.5.0_17\jre\lib\charsets.jar;C:\Program Files\Java\jdk1.5.0_17\jre\classes" name="sun.boot.class.path"/>
    <property value="Sun Microsystems Inc." name="java.vendor"/>
    <property value="C:\Documents and Settings\nsalatge\.m2\repository" name="localRepository"/>
    <property value="\" name="file.separator"/>
    <property value="http://java.sun.com/cgi-bin/bugreport.cgi" name="java.vendor.url.bug"/>
    <property value="little" name="sun.cpu.endian"/>
    <property value="UnicodeLittle" name="sun.io.unicode.encoding"/>
    <property value="windows" name="sun.desktop"/>
    <property value="pentium_pro+mmx pentium_pro pentium+mmx pentium i486 i386 i86" name="sun.cpu.isalist"/>
  </properties>
  <testcase classname="org.ow2.petals.monitoring.datacollector.test.RawReportTest" time="0.516" name="testReaderRawReport"/>
  <testcase classname="org.ow2.petals.monitoring.datacollector.test.RawReportTest" time="0.078" name="testReaderReportList"/>
</testsuite>